# IPython log file

# Sun, 09 Dec 2018 20:11:34
%run 1.3.2/Gupta_1.3.2.py
# Sun, 09 Dec 2018 20:12:07
hyp(3,4)
# Sun, 09 Dec 2018 20:12:16
hypotenuse(3,4)
# Sun, 09 Dec 2018 20:14:20
%run 1.3.2/Gupta_1.3.2.py
# Sun, 09 Dec 2018 20:14:25
hyp(3,4)
# Sun, 09 Dec 2018 20:14:58
%run 1.3.2/Gupta_1.3.2.py
# Sun, 09 Dec 2018 20:15:01
hyp(3,4)
#[Out]# 5.0
# Sun, 09 Dec 2018 20:39:22
%run 1.3.2/Gupta_1.3.2.py
# Sun, 09 Dec 2018 20:39:36
mean(1,2,3)
#[Out]# 2
# Sun, 09 Dec 2018 20:40:35
mean(10,2,3)
#[Out]# 5
# Sun, 09 Dec 2018 20:42:17
%run 1.3.2/Gupta_1.3.2.py
# Sun, 09 Dec 2018 20:42:19
mean(10,2,3)
#[Out]# 5.0
# Sun, 09 Dec 2018 20:42:29
mean (3,4,7)
#[Out]# 4.666666666666667
# Sun, 09 Dec 2018 20:42:54
perimeter(3,4)
#[Out]# 14.0
# Sun, 09 Dec 2018 20:43:19
# conclusion questions
# Sun, 09 Dec 2018 20:43:56
# 1= I would like to have the code automated by a program.
# Sun, 09 Dec 2018 20:44:46
# 2= strings, floats, booleans, ints
# Sun, 09 Dec 2018 20:45:35
# 3= With the code editor you can edit before you run code, with ipython you can't change anything 
# Sun, 09 Dec 2018 20:46:25
# 4= its easier to use the code because instead of typing it out every time you casn type the function name and thats it
# Sun, 09 Dec 2018 20:46:43
# 5=
# Sun, 09 Dec 2018 20:47:42
%run 1.3.2/Gupta_1.3.2.py
# Sun, 09 Dec 2018 20:48:35
%run 1.3.2/Gupta_1.3.2.py
# Sun, 09 Dec 2018 20:50:38
# 5= I got all the prints as my result. This might be the last question of the assignment because its to make sure all the functions  work.
# Sun, 09 Dec 2018 20:50:48
%logstop
